<?xml version="1.0" encoding="UTF-8"?>
<!-- Generated by org.testng.reporters.JUnitReportReporter -->
<testsuite hostname="Rahul" failures="0" tests="3" name="com.ice_hrm_automation.login.LoginTest" time="0.019" errors="0" timestamp="2023-03-16T18:29:41 IST" skipped="0">
  <testcase classname="com.ice_hrm_automation.login.LoginTest" name="sample1Test1" time="0.014"/>
  <system-out/>
  <testcase classname="com.ice_hrm_automation.login.LoginTest" name="sample1Test2" time="0.002"/>
  <system-out/>
  <testcase classname="com.ice_hrm_automation.login.LoginTest" name="sample1Test3" time="0.003"/>
  <system-out/>
</testsuite> <!-- com.ice_hrm_automation.login.LoginTest -->
